<?xml version="1.0" encoding="UTF-8"?>
<Site BuildName="Linux-g++"
	BuildStamp="20231227-0637-20231220-0637"
	Name="jshishimaru-Vivobook-ASUSLaptop-M3500QC-M3500QC"
	Generator="ctest-3.22.1"
	CompilerName="/usr/bin/g++"
	CompilerVersion="11.4.0"
	OSName="Linux"
	Hostname="jshishimaru-Vivobook-ASUSLaptop-M3500QC-M3500QC"
	OSRelease="6.2.0-39-generic"
	OSVersion="#40~22.04.1-Ubuntu SMP PREEMPT_DYNAMIC Thu Nov 16 10:53:04 UTC 2"
	OSPlatform="x86_64"
	Is64Bits="1"
	VendorString="AuthenticAMD"
	VendorID="Advanced Micro Devices"
	FamilyID="25"
	ModelID="80"
	ProcessorCacheSize="512"
	NumberOfLogicalCPU="16"
	NumberOfPhysicalCPU="8"
	TotalVirtualMemory="17589"
	TotalPhysicalMemory="15381"
	LogicalProcessorsPerPhysical="2"
	ProcessorClockFrequency="2873.05"
	>
	<Testing>
		<StartDateTime>Dec 27 12:07 IST</StartDateTime>
		<StartTestTime>1703659029</StartTestTime>
		<TestList/>
		<EndDateTime>Dec 27 12:07 IST</EndDateTime>
		<EndTestTime>1703659029</EndTestTime>
		<ElapsedMinutes>0</ElapsedMinutes>
	</Testing>
</Site>
