<?xml version="1.0" encoding="UTF-8"?>
<Site BuildName="Linux-g++"
	BuildStamp="20231214-1155-Experimental"
	Name="jshishimaru-Vivobook-ASUSLaptop-M3500QC-M3500QC"
	Generator="ctest-3.22.1"
	CompilerName="/usr/bin/g++"
	CompilerVersion="11.4.0"
	OSName="Linux"
	Hostname="jshishimaru-Vivobook-ASUSLaptop-M3500QC-M3500QC"
	OSRelease="6.2.0-37-generic"
	OSVersion="#38~22.04.1-Ubuntu SMP PREEMPT_DYNAMIC Thu Nov  2 18:01:13 UTC 2"
	OSPlatform="x86_64"
	Is64Bits="1"
	VendorString="AuthenticAMD"
	VendorID="Advanced Micro Devices"
	FamilyID="25"
	ModelID="80"
	ProcessorCacheSize="512"
	NumberOfLogicalCPU="16"
	NumberOfPhysicalCPU="8"
	TotalVirtualMemory="17589"
	TotalPhysicalMemory="15381"
	LogicalProcessorsPerPhysical="2"
	ProcessorClockFrequency="3328.23"
	>
	<Testing>
		<StartDateTime>Dec 14 17:35 IST</StartDateTime>
		<StartTestTime>1702555555</StartTestTime>
		<TestList/>
		<EndDateTime>Dec 14 17:35 IST</EndDateTime>
		<EndTestTime>1702555555</EndTestTime>
		<ElapsedMinutes>0</ElapsedMinutes>
	</Testing>
</Site>
